<?xml version="1.0" encoding="UTF-8"?>
<!-- Generated by org.testng.reporters.JUnitReportReporter -->
<testsuite hostname="DESKTOP-U5SUVO0" failures="0" tests="1" name="In.Spectra.Customer.AddCustomer_001_Test" time="10.767" errors="0" timestamp="2024-04-04T16:35:56 IST" skipped="0">
  <testcase classname="In.Spectra.Customer.AddCustomer_001_Test" name="addCustomer" time="10.767"/>
</testsuite> <!-- In.Spectra.Customer.AddCustomer_001_Test -->
