<?xml version="1.0" encoding="UTF-8"?>
<!-- Generated by org.testng.reporters.JUnitReportReporter -->
<testsuite hostname="DESKTOP-U5SUVO0" failures="0" tests="1" name="In.Spectra.Pom.CreateSitePage" time="39.207" errors="0" timestamp="2024-04-08T11:15:55 IST" skipped="0">
  <testcase classname="In.Spectra.Pom.CreateSitePage" name="createSite" time="39.207"/>
</testsuite> <!-- In.Spectra.Pom.CreateSitePage -->
