<?xml version="1.0" encoding="UTF-8"?>
<!-- Generated by org.testng.reporters.JUnitReportReporter -->
<testsuite hostname="DESKTOP-U5SUVO0" failures="0" tests="1" name="In.Spectra.Customer.DeleteCustomer_003_Test" time="3.826" errors="0" timestamp="2024-04-05T15:37:48 IST" skipped="0">
  <testcase classname="In.Spectra.Customer.DeleteCustomer_003_Test" name="addCustomer" time="3.826"/>
</testsuite> <!-- In.Spectra.Customer.DeleteCustomer_003_Test -->
