<?xml version="1.0" encoding="UTF-8"?>
<!-- Generated by org.testng.reporters.JUnitReportReporter -->
<testsuite hostname="DESKTOP-U5SUVO0" failures="0" tests="1" name="In.Spectra.Customer.UpdateCustomer_002_Test" time="3.698" errors="0" timestamp="2024-04-05T15:35:27 IST" skipped="0">
  <testcase classname="In.Spectra.Customer.UpdateCustomer_002_Test" name="addCustomer" time="3.698"/>
</testsuite> <!-- In.Spectra.Customer.UpdateCustomer_002_Test -->
